<?xml version="1.0" encoding="UTF-8"?>
<testsuite xmlns:xsi="http://www.w3.org/2001/XMLSchema-instance" xsi:noNamespaceSchemaLocation="https://maven.apache.org/surefire/maven-surefire-plugin/xsd/surefire-test-report.xsd" version="3.0.2" name="com.example.relatorios.RelatoriosApplicationTests" time="1.949" tests="1" errors="0" skipped="0" failures="0">
  <properties>
[...]
</properties>
  <testcase name="contextLoads" classname="com.example.relatorios.RelatoriosApplicationTests" time="0.466">
    <system-out><![CDATA[18:31:36.286 [main] INFO org.springframework.test.context.support.AnnotationConfigContextLoaderUtils -- Could not detect default configuration classes for test class [com.example.relatorios.RelatoriosApplicationTests]: RelatoriosApplicationTests does not declare any static, non-private, non-final, nested classes annotated with @Configuration.
18:31:36.355 [main] INFO org.springframework.boot.test.context.SpringBootTestContextBootstrapper -- Found @SpringBootConfiguration com.example.relatorios.RelatoriosApplication for test class com.example.relatorios.RelatoriosApplicationTests
18:31:36.478 [main] INFO org.springframework.boot.devtools.restart.RestartApplicationListener -- Restart disabled due to context in which it is running

  .   ____          _            __ _ _
 /\\ / ___'_ __ _ _(_)_ __  __ _ \ \ \ \
( ( )\___ | '_ | '_| | '_ \/ _` | \ \ \ \
 \\/  ___)| |_)| | | | | || (_| |  ) ) ) )
  '  |____| .__|_| |_|_| |_\__, | / / / /
 =========|_|==============|___/=/_/_/_/

 :: Spring Boot ::                (v4.0.0)

2025-11-26T18:31:36.685-03:00  INFO 5880 --- [relatorios] [           main] c.e.r.RelatoriosApplicationTests         : Starting RelatoriosApplicationTests using Java 21.0.8 with PID 5880 (started by E205554678 in C:\Users\e205554678\Downloads\relatorios)
2025-11-26T18:31:36.687-03:00  INFO 5880 --- [relatorios] [           main] c.e.r.RelatoriosApplicationTests         : No active profile set, falling back to 1 default profile: "default"
2025-11-26T18:31:37.599-03:00  INFO 5880 --- [relatorios] [           main] c.e.r.RelatoriosApplicationTests         : Started RelatoriosApplicationTests in 1.132 seconds (process running for 2.012)
]]></system-out>
    <system-err><![CDATA[Mockito is currently self-attaching to enable the inline-mock-maker. This will no longer work in future releases of the JDK. Please add Mockito as an agent to your build as described in Mockito's documentation: https://javadoc.io/doc/org.mockito/mockito-core/latest/org.mockito/org/mockito/Mockito.html#0.3
WARNING: A Java agent has been loaded dynamically (C:\Users\e205554678\.m2\repository\net\bytebuddy\byte-buddy-agent\1.17.8\byte-buddy-agent-1.17.8.jar)
WARNING: If a serviceability tool is in use, please run with -XX:+EnableDynamicAgentLoading to hide this warning
WARNING: If a serviceability tool is not in use, please run with -Djdk.instrument.traceUsage for more information
WARNING: Dynamic loading of agents will be disallowed by default in a future release
]]></system-err>
  </testcase>
</testsuite>